Started GET "/" for ::1 at 2022-04-19 11:07:23 +0100
  [1m[35m (0.5ms)[0m  [1m[34mSELECT sqlite_version(*)[0m
Processing by HomepageController#index as HTML
  Rendering layout layouts/application.html.haml
  Rendering homepage/index.html.haml within layouts/application
  Rendered homepage/index.html.haml within layouts/application (Duration: 8.2ms | Allocations: 3621)
  Rendered layout layouts/application.html.haml (Duration: 164.3ms | Allocations: 98183)
Completed 200 OK in 170ms (Views: 166.0ms | ActiveRecord: 0.0ms | Allocations: 104661)


Started GET "/" for ::1 at 2022-04-19 11:35:11 +0100
  [1m[35m (0.3ms)[0m  [1m[34mSELECT sqlite_version(*)[0m
Processing by ShowsController#index as HTML
  Rendering layout layouts/application.html.haml
  Rendering shows/index.html.haml within layouts/application
  Rendered shows/index.html.haml within layouts/application (Duration: 2.2ms | Allocations: 3619)
  Rendered layout layouts/application.html.haml (Duration: 59.0ms | Allocations: 50358)
Completed 200 OK in 64ms (Views: 60.3ms | ActiveRecord: 0.0ms | Allocations: 56836)


Started GET "/" for ::1 at 2022-04-19 11:35:17 +0100
Processing by ShowsController#index as HTML
  Rendering layout layouts/application.html.haml
  Rendering shows/index.html.haml within layouts/application
  Rendered shows/index.html.haml within layouts/application (Duration: 0.4ms | Allocations: 84)
  Rendered layout layouts/application.html.haml (Duration: 12.3ms | Allocations: 3910)
Completed 200 OK in 17ms (Views: 13.1ms | ActiveRecord: 0.0ms | Allocations: 7378)


Started GET "/" for ::1 at 2022-04-19 11:35:19 +0100
Processing by ShowsController#index as HTML
  Rendering layout layouts/application.html.haml
  Rendering shows/index.html.haml within layouts/application
  Rendered shows/index.html.haml within layouts/application (Duration: 0.4ms | Allocations: 82)
  Rendered layout layouts/application.html.haml (Duration: 8.5ms | Allocations: 2651)
Completed 200 OK in 13ms (Views: 9.3ms | ActiveRecord: 0.0ms | Allocations: 6101)


